21:42:22:496 [27248] | INFO  | Initializing crosire's ReShade version '6.6.0.2072' (32-bit) loaded from 'C:\Users\Pc\Downloads\TuxRacer1.1\program files\Sunspire Studios\Tux Racer\OPENGL32.dll' into 'C:\Users\Pc\Downloads\TuxRacer1.1\program files\Sunspire Studios\Tux Racer\tuxracer.exe' (0xC0B29273) ...
21:42:22:496 [27248] | INFO  | Registering hooks for 'user32.dll' ...
21:42:22:496 [27248] | INFO  | > Libraries loaded.
21:42:22:496 [27248] | INFO  | > Found 21 match(es). Installing ...
21:42:22:519 [27248] | INFO  | Registering hooks for 'C:\WINDOWS\system32\dinput.dll' ...
21:42:22:519 [27248] | INFO  | > Delayed.
21:42:22:519 [27248] | INFO  | Registering hooks for 'C:\WINDOWS\system32\dinput8.dll' ...
21:42:22:519 [27248] | INFO  | > Delayed.
21:42:22:520 [27248] | INFO  | Registering hooks for 'C:\WINDOWS\system32\opengl32.dll' ...
21:42:22:520 [27248] | INFO  | > Delayed until first call to an exported function.
21:42:22:520 [27248] | INFO  | Registering hooks for 'openvr_api.dll' ...
21:42:22:520 [27248] | INFO  | > Delayed.
21:42:22:520 [27248] | INFO  | Initialized.
21:42:22:563 [27248] | INFO  | Redirecting RegisterClassA(lpWndClass = 0019F5E0 { "SDL_app", style = 0x20 }) ...
21:42:22:628 [27248] | INFO  | Redirecting wglChoosePixelFormat(hdc = 98012628, ppfd = 02DB7CA4) ...
21:42:22:628 [27248] | INFO  | > Dumping pixel format descriptor:
21:42:22:628 [27248] | INFO  |   +-----------------------------------------+-----------------------------------------+
21:42:22:628 [27248] | INFO  |   | Name                                    | Value                                   |
21:42:22:628 [27248] | INFO  |   +-----------------------------------------+-----------------------------------------+
21:42:22:629 [27248] | INFO  |   | Flags                                   | 0x25                                    |
21:42:22:629 [27248] | INFO  |   | ColorBits                               | 0                                       |
21:42:22:629 [27248] | INFO  |   | DepthBits                               | 16                                      |
21:42:22:629 [27248] | INFO  |   | StencilBits                             | 8                                       |
21:42:22:629 [27248] | INFO  |   +-----------------------------------------+-----------------------------------------+
21:42:22:630 [27248] | INFO  | Installing export hooks for 'C:\WINDOWS\system32\opengl32.dll' ...
21:42:22:630 [27248] | INFO  | > Found 360 match(es). Installing ...
21:42:22:742 [27248] | INFO  | Returning pixel format: 12
21:42:22:742 [27248] | INFO  | Redirecting wglSetPixelFormat(hdc = 98012628, iPixelFormat = 12, ppfd = 02DB7CA4) ...
21:42:22:742 [27248] | INFO  | Searching for add-ons (*.addon, *.addon32) in 'C:\Users\Pc\Downloads\TuxRacer1.1\program files\Sunspire Studios\Tux Racer' ...
21:42:22:742 [27248] | INFO  | Redirecting wglCreateContext(hdc = 98012628) ...
21:42:22:742 [27248] | INFO  | > Passing on to wglCreateLayerContext:
21:42:22:742 [27248] | INFO  | Redirecting wglCreateLayerContext(hdc = 98012628, iLayerPlane = 0) ...
21:42:22:822 [27248] | INFO  | Searching for add-ons (*.addon, *.addon32) in 'C:\Users\Pc\Downloads\TuxRacer1.1\program files\Sunspire Studios\Tux Racer' ...
21:42:22:823 [27248] | INFO  | Redirecting wglChoosePixelFormatARB(hdc = 98012628, piAttribIList = 0019FB04, pfAttribFList = 0019FC14, nMaxFormats = 1, piFormats = 0019FA94, nNumFormats = 0019FA90) ...
21:42:22:823 [27248] | INFO  | > Dumping attributes:
21:42:22:823 [27248] | INFO  |   +-----------------------------------------+-----------------------------------------+
21:42:22:824 [27248] | INFO  |   | Attribute                               | Value                                   |
21:42:22:824 [27248] | INFO  |   +-----------------------------------------+-----------------------------------------+
21:42:22:824 [27248] | INFO  |   | WGL_DRAW_TO_WINDOW_ARB                  | TRUE                                    |
21:42:22:824 [27248] | INFO  |   | WGL_RED_BITS_ARB                        | 3                                       |
21:42:22:824 [27248] | INFO  |   | WGL_GREEN_BITS_ARB                      | 3                                       |
21:42:22:824 [27248] | INFO  |   | WGL_BLUE_BITS_ARB                       | 2                                       |
21:42:22:824 [27248] | INFO  |   | WGL_ACCELERATION_ARB                    | 0x2027                                  |
21:42:22:824 [27248] | INFO  |   | WGL_ALPHA_BITS_ARB                      | 8                                       |
21:42:22:824 [27248] | INFO  |   | WGL_DOUBLE_BUFFER_ARB                   | TRUE                                    |
21:42:22:824 [27248] | INFO  |   | WGL_DEPTH_BITS_ARB                      | 16                                      |
21:42:22:824 [27248] | INFO  |   | WGL_STENCIL_BITS_ARB                    | 8                                       |
21:42:22:825 [27248] | INFO  |   +-----------------------------------------+-----------------------------------------+
21:42:22:848 [27248] | INFO  | Returning pixel format(s): 12
21:42:22:848 [27248] | INFO  | Redirecting wglDeleteContext(hglrc = 00010000) ...
21:42:22:863 [27248] | INFO  | Redirecting wglSetPixelFormat(hdc = D5015094, iPixelFormat = 12, ppfd = 02DB7CA4) ...
21:42:22:863 [27248] | INFO  | Searching for add-ons (*.addon, *.addon32) in 'C:\Users\Pc\Downloads\TuxRacer1.1\program files\Sunspire Studios\Tux Racer' ...
21:42:22:866 [27248] | INFO  | Redirecting wglCreateContext(hdc = D5015094) ...
21:42:22:866 [27248] | INFO  | > Passing on to wglCreateLayerContext:
21:42:22:867 [27248] | INFO  | Redirecting wglCreateLayerContext(hdc = D5015094, iLayerPlane = 0) ...
21:42:22:877 [27248] | INFO  | Searching for add-ons (*.addon, *.addon32) in 'C:\Users\Pc\Downloads\TuxRacer1.1\program files\Sunspire Studios\Tux Racer' ...
21:42:22:912 [27248] | INFO  | Installing delayed hooks for 'C:\WINDOWS\system32\dinput.dll' (Just loaded via LoadLibrary('C:\WINDOWS\SYSTEM32\DINPUT.DLL')) ...
21:42:22:912 [27248] | INFO  | > Found 3 match(es). Installing ...
21:42:22:935 [27248] | INFO  | Redirecting DirectInputCreateW(hinst = 74E20000, dwVersion = 50a, ppDI = 74E3C194, punkOuter = 00000000) ...
21:42:22:940 [27248] | INFO  | Redirecting IDirectInputW::CreateDevice(this = 082090A0, rguid = {804117B0-6250-11EF-8001-444553540000}, lplpDirectInputDevice = 0019E994, pUnkOuter = 00000000) ...
21:42:22:943 [27248] | INFO  | Redirecting IDirectInputW::CreateDevice(this = 082090A0, rguid = {00000000-0000-0000-0000-000000000000}, lplpDirectInputDevice = 0019E994, pUnkOuter = 00000000) ...
21:42:22:947 [27248] | WARN  | IDirectInputW::CreateDevice failed with error code 0x80040154.
21:42:22:949 [27248] | INFO  | Running on NVIDIA GeForce RTX 3050/PCIe/SSE2.
21:42:23:161 [27248] | INFO  | Recreated runtime environment on runtime 0842EFE0 ('C:\Users\Pc\Downloads\TuxRacer1.1\program files\Sunspire Studios\Tux Racer\ReShade.ini').
21:42:23:605 [19616] | INFO  | Successfully compiled 'C:\Users\Pc\Downloads\TuxRacer1.1\program files\Sunspire Studios\Tux Racer\reshade-shaders\Shaders\CAS.fx' in 0.009000 s.
21:42:24:047 [19616] | WARN  | Successfully compiled 'C:\Users\Pc\Downloads\TuxRacer1.1\program files\Sunspire Studios\Tux Racer\reshade-shaders\Shaders\Complete\COMPLETE_RT.fx' in 0.023000 s with warnings:
C:\Users\Pc\Downloads\TuxRacer1.1\program files\Sunspire Studios\Tux Racer\reshade-shaders\Shaders\Complete\COMPLETE_RT.fx(144, 1): error X3020: 'V__RT_FilterTex0': cannot sample from texture that is also used as render target in the same pass
C:\Users\Pc\Downloads\TuxRacer1.1\program files\Sunspire Studios\Tux Racer\reshade-shaders\Shaders\Complete\COMPLETE_RT.fx(158, 1): error X3020: 'V__RT_FilterTex0': cannot sample from texture that is also used as render target in the same pass

21:42:24:169 [12864] | INFO  | Successfully compiled 'C:\Users\Pc\Downloads\TuxRacer1.1\program files\Sunspire Studios\Tux Racer\reshade-shaders\Shaders\SweetFX\CAS.fx' in 0.008000 s.
21:42:24:209 [16196] | INFO  | Successfully compiled 'C:\Users\Pc\Downloads\TuxRacer1.1\program files\Sunspire Studios\Tux Racer\reshade-shaders\Shaders\iMMERSE\MartysMods_LAUNCHPAD.fx' in 0.021000 s.
21:42:24:249 [22204] | INFO  | Successfully compiled 'C:\Users\Pc\Downloads\TuxRacer1.1\program files\Sunspire Studios\Tux Racer\reshade-shaders\Shaders\qUINT\qUINT_dof.fx' in 0.010000 s.
21:42:24:315 [22204] | INFO  | Successfully compiled 'C:\Users\Pc\Downloads\TuxRacer1.1\program files\Sunspire Studios\Tux Racer\reshade-shaders\Shaders\qUINT_dof.fx' in 0.010000 s.
21:42:24:488 [16196] | INFO  | Successfully compiled 'C:\Users\Pc\Downloads\TuxRacer1.1\program files\Sunspire Studios\Tux Racer\reshade-shaders\Shaders\MartysMods_LAUNCHPAD.fx' in 0.020000 s.
21:42:29:797 [ 2520] | INFO  | Redirecting RegisterClassW(lpWndClass = 0CA7FD08 { "graphics_hook_gl_dummy_window", style = 0x20 }) ...
21:42:36:956 [27248] | INFO  | Destroyed runtime environment on runtime 0842EFE0 ('C:\Users\Pc\Downloads\TuxRacer1.1\program files\Sunspire Studios\Tux Racer\ReShade.ini').
21:42:48:516 [27248] | INFO  | Resizing device context D5015094 to 1366x768 ...
21:42:48:520 [27248] | INFO  | Recreated runtime environment on runtime 0842EFE0 ('C:\Users\Pc\Downloads\TuxRacer1.1\program files\Sunspire Studios\Tux Racer\ReShade.ini').
21:42:49:008 [24848] | INFO  | Successfully compiled 'C:\Users\Pc\Downloads\TuxRacer1.1\program files\Sunspire Studios\Tux Racer\reshade-shaders\Shaders\CAS.fx' in 0.009000 s.
21:42:49:514 [24848] | WARN  | Successfully compiled 'C:\Users\Pc\Downloads\TuxRacer1.1\program files\Sunspire Studios\Tux Racer\reshade-shaders\Shaders\Complete\COMPLETE_RT.fx' in 0.027000 s with warnings:
C:\Users\Pc\Downloads\TuxRacer1.1\program files\Sunspire Studios\Tux Racer\reshade-shaders\Shaders\Complete\COMPLETE_RT.fx(144, 1): error X3020: 'V__RT_FilterTex0': cannot sample from texture that is also used as render target in the same pass
C:\Users\Pc\Downloads\TuxRacer1.1\program files\Sunspire Studios\Tux Racer\reshade-shaders\Shaders\Complete\COMPLETE_RT.fx(158, 1): error X3020: 'V__RT_FilterTex0': cannot sample from texture that is also used as render target in the same pass

21:42:49:611 [15984] | INFO  | Successfully compiled 'C:\Users\Pc\Downloads\TuxRacer1.1\program files\Sunspire Studios\Tux Racer\reshade-shaders\Shaders\SweetFX\CAS.fx' in 0.011000 s.
21:42:49:650 [17300] | INFO  | Successfully compiled 'C:\Users\Pc\Downloads\TuxRacer1.1\program files\Sunspire Studios\Tux Racer\reshade-shaders\Shaders\iMMERSE\MartysMods_LAUNCHPAD.fx' in 0.024000 s.
21:42:49:724 [28208] | INFO  | Successfully compiled 'C:\Users\Pc\Downloads\TuxRacer1.1\program files\Sunspire Studios\Tux Racer\reshade-shaders\Shaders\qUINT\qUINT_dof.fx' in 0.012000 s.
21:42:49:800 [28208] | INFO  | Successfully compiled 'C:\Users\Pc\Downloads\TuxRacer1.1\program files\Sunspire Studios\Tux Racer\reshade-shaders\Shaders\qUINT_dof.fx' in 0.012000 s.
21:42:49:966 [17300] | INFO  | Successfully compiled 'C:\Users\Pc\Downloads\TuxRacer1.1\program files\Sunspire Studios\Tux Racer\reshade-shaders\Shaders\MartysMods_LAUNCHPAD.fx' in 0.021000 s.
21:49:48:558 [27248] | INFO  | Redirecting wglDeleteContext(hglrc = 00020000) ...
21:49:48:575 [27248] | INFO  | Destroyed runtime environment on runtime 0842EFE0 ('C:\Users\Pc\Downloads\TuxRacer1.1\program files\Sunspire Studios\Tux Racer\ReShade.ini').
21:49:48:674 [27248] | INFO  | Exiting ...
21:49:48:674 [27248] | INFO  | Uninstalling 559 hook(s) ...
21:49:49:697 [27248] | INFO  | Finished exiting.
